2024-06-13 12:33:40,065 INFO    StreamThr :660938 [internal.py:wandb_internal():85] W&B internal server running at pid: 660938, started at: 2024-06-13 12:33:40.064626
2024-06-13 12:33:40,067 DEBUG   HandlerThread:660938 [handler.py:handle_request():158] handle_request: status
2024-06-13 12:33:40,068 INFO    WriterThread:660938 [datastore.py:open_for_write():87] open: /home/yolov5/AUE8088-PA2/wandb/run-20240613_123340-sk7j4dlh/run-sk7j4dlh.wandb
2024-06-13 12:33:40,068 DEBUG   SenderThread:660938 [sender.py:send():378] send: header
2024-06-13 12:33:40,069 DEBUG   SenderThread:660938 [sender.py:send():378] send: run
2024-06-13 12:33:40,075 INFO    SenderThread:660938 [sender.py:_setup_resume():748] checking resume status for None/YOLOv5/sk7j4dlh
2024-06-13 12:33:41,021 INFO    SenderThread:660938 [dir_watcher.py:__init__():211] watching files in: /home/yolov5/AUE8088-PA2/wandb/run-20240613_123340-sk7j4dlh/files
2024-06-13 12:33:41,022 INFO    SenderThread:660938 [sender.py:_start_run_threads():1123] run started: sk7j4dlh with start time 1718282020.064262
2024-06-13 12:33:41,037 DEBUG   HandlerThread:660938 [handler.py:handle_request():158] handle_request: check_version
2024-06-13 12:33:41,037 DEBUG   SenderThread:660938 [sender.py:send_request():405] send_request: check_version
2024-06-13 12:33:41,097 DEBUG   HandlerThread:660938 [handler.py:handle_request():158] handle_request: run_start
2024-06-13 12:33:41,125 DEBUG   HandlerThread:660938 [system_info.py:__init__():26] System info init
2024-06-13 12:33:41,125 DEBUG   HandlerThread:660938 [system_info.py:__init__():41] System info init done
2024-06-13 12:33:41,125 INFO    HandlerThread:660938 [system_monitor.py:start():194] Starting system monitor
2024-06-13 12:33:41,125 INFO    SystemMonitor:660938 [system_monitor.py:_start():158] Starting system asset monitoring threads
2024-06-13 12:33:41,125 INFO    HandlerThread:660938 [system_monitor.py:probe():214] Collecting system info
2024-06-13 12:33:41,126 INFO    SystemMonitor:660938 [interfaces.py:start():188] Started cpu monitoring
2024-06-13 12:33:41,128 INFO    SystemMonitor:660938 [interfaces.py:start():188] Started disk monitoring
2024-06-13 12:33:41,129 INFO    SystemMonitor:660938 [interfaces.py:start():188] Started gpu monitoring
2024-06-13 12:33:41,130 INFO    SystemMonitor:660938 [interfaces.py:start():188] Started memory monitoring
2024-06-13 12:33:41,131 INFO    SystemMonitor:660938 [interfaces.py:start():188] Started network monitoring
2024-06-13 12:33:41,168 DEBUG   HandlerThread:660938 [system_info.py:probe():150] Probing system
2024-06-13 12:33:41,171 DEBUG   HandlerThread:660938 [system_info.py:_probe_git():135] Probing git
2024-06-13 12:33:41,177 DEBUG   HandlerThread:660938 [system_info.py:_probe_git():143] Probing git done
2024-06-13 12:33:41,177 DEBUG   HandlerThread:660938 [system_info.py:probe():198] Probing system done
2024-06-13 12:33:41,177 DEBUG   HandlerThread:660938 [system_monitor.py:probe():223] {'os': 'Linux-5.15.0-105-generic-x86_64-with-glibc2.35', 'python': '3.10.12', 'heartbeatAt': '2024-06-13T12:33:41.169060', 'startedAt': '2024-06-13T12:33:40.061946', 'docker': None, 'cuda': None, 'args': ('--img', '416', '--batch-size', '64', '--epochs', '200', '--data', 'data/nuscenes.yaml', '--cfg', 'models/yolov5n_nuscenes.yaml', '--weights', 'yolov5n.pt', '--workers', '16', '--name', 'yolov5n', '--noautoanchor', '--hyp', 'data/hyps/hyp.scratch-high.yaml'), 'state': 'running', 'program': '/home/yolov5/AUE8088-PA2/train_simple.py', 'codePathLocal': 'train_simple.py', 'codePath': 'train_simple.py', 'git': {'remote': 'https://github.com/IRCVLab/AUE8088-PA2.git', 'commit': 'ddf4e9160fb03fc6a0271f820232d205cc11e946'}, 'email': None, 'root': '/home/yolov5/AUE8088-PA2', 'host': 'a80827836573', 'username': 'root', 'executable': '/usr/bin/python3', 'cpu_count': 24, 'cpu_count_logical': 32, 'cpu_freq': {'current': 2944.26234375, 'min': 800.0, 'max': 5050.0}, 'cpu_freq_per_core': [{'current': 3000.0, 'min': 800.0, 'max': 5800.0}, {'current': 3000.0, 'min': 800.0, 'max': 5800.0}, {'current': 3000.0, 'min': 800.0, 'max': 5800.0}, {'current': 3000.0, 'min': 800.0, 'max': 5800.0}, {'current': 3000.0, 'min': 800.0, 'max': 5800.0}, {'current': 3000.0, 'min': 800.0, 'max': 5800.0}, {'current': 3000.0, 'min': 800.0, 'max': 5800.0}, {'current': 1216.395, 'min': 800.0, 'max': 5800.0}, {'current': 3000.0, 'min': 800.0, 'max': 5800.0}, {'current': 3000.0, 'min': 800.0, 'max': 5800.0}, {'current': 3000.0, 'min': 800.0, 'max': 5800.0}, {'current': 3000.0, 'min': 800.0, 'max': 5800.0}, {'current': 3000.0, 'min': 800.0, 'max': 5800.0}, {'current': 3000.0, 'min': 800.0, 'max': 5800.0}, {'current': 3000.0, 'min': 800.0, 'max': 5800.0}, {'current': 3000.0, 'min': 800.0, 'max': 5800.0}, {'current': 3000.0, 'min': 800.0, 'max': 4300.0}, {'current': 3000.0, 'min': 800.0, 'max': 4300.0}, {'current': 3000.0, 'min': 800.0, 'max': 4300.0}, {'current': 3000.0, 'min': 800.0, 'max': 4300.0}, {'current': 3000.0, 'min': 800.0, 'max': 4300.0}, {'current': 3000.0, 'min': 800.0, 'max': 4300.0}, {'current': 3000.0, 'min': 800.0, 'max': 4300.0}, {'current': 3000.0, 'min': 800.0, 'max': 4300.0}, {'current': 3000.0, 'min': 800.0, 'max': 4300.0}, {'current': 3000.0, 'min': 800.0, 'max': 4300.0}, {'current': 3000.0, 'min': 800.0, 'max': 4300.0}, {'current': 3000.0, 'min': 800.0, 'max': 4300.0}, {'current': 3000.0, 'min': 800.0, 'max': 4300.0}, {'current': 3000.0, 'min': 800.0, 'max': 4300.0}, {'current': 3000.0, 'min': 800.0, 'max': 4300.0}, {'current': 3000.0, 'min': 800.0, 'max': 4300.0}], 'disk': {'/': {'total': 491.082275390625, 'used': 399.01146697998047}}, 'gpu': 'NVIDIA GeForce RTX 4090', 'gpu_count': 1, 'gpu_devices': [{'name': 'NVIDIA GeForce RTX 4090', 'memory_total': 25757220864}], 'memory': {'total': 125.47874069213867}}
2024-06-13 12:33:41,177 INFO    HandlerThread:660938 [system_monitor.py:probe():224] Finished collecting system info
2024-06-13 12:33:41,177 INFO    HandlerThread:660938 [system_monitor.py:probe():227] Publishing system info
2024-06-13 12:33:41,177 INFO    HandlerThread:660938 [system_monitor.py:probe():229] Finished publishing system info
2024-06-13 12:33:41,179 DEBUG   SenderThread:660938 [sender.py:send():378] send: files
2024-06-13 12:33:41,179 INFO    SenderThread:660938 [sender.py:_save_file():1389] saving file wandb-metadata.json with policy now
2024-06-13 12:33:41,233 DEBUG   HandlerThread:660938 [handler.py:handle_request():158] handle_request: python_packages
2024-06-13 12:33:41,233 DEBUG   SenderThread:660938 [sender.py:send_request():405] send_request: python_packages
2024-06-13 12:33:41,234 DEBUG   HandlerThread:660938 [handler.py:handle_request():158] handle_request: stop_status
2024-06-13 12:33:41,234 DEBUG   SenderThread:660938 [sender.py:send_request():405] send_request: stop_status
2024-06-13 12:33:41,496 DEBUG   SenderThread:660938 [sender.py:send():378] send: telemetry
2024-06-13 12:33:41,946 INFO    wandb-upload_0:660938 [upload_job.py:push():130] Uploaded file /tmp/tmpo62rqqlzwandb/jhuir94q-wandb-metadata.json
2024-06-13 12:33:42,022 INFO    Thread-12 :660938 [dir_watcher.py:_on_file_created():271] file/dir created: /home/yolov5/AUE8088-PA2/wandb/run-20240613_123340-sk7j4dlh/files/wandb-metadata.json
2024-06-13 12:33:42,022 INFO    Thread-12 :660938 [dir_watcher.py:_on_file_created():271] file/dir created: /home/yolov5/AUE8088-PA2/wandb/run-20240613_123340-sk7j4dlh/files/output.log
2024-06-13 12:33:42,022 INFO    Thread-12 :660938 [dir_watcher.py:_on_file_created():271] file/dir created: /home/yolov5/AUE8088-PA2/wandb/run-20240613_123340-sk7j4dlh/files/requirements.txt
2024-06-13 12:33:44,022 INFO    Thread-12 :660938 [dir_watcher.py:_on_file_modified():288] file/dir modified: /home/yolov5/AUE8088-PA2/wandb/run-20240613_123340-sk7j4dlh/files/output.log
2024-06-13 12:33:45,511 DEBUG   HandlerThread:660938 [handler.py:handle_request():158] handle_request: status_report
2024-06-13 12:33:46,022 INFO    Thread-12 :660938 [dir_watcher.py:_on_file_modified():288] file/dir modified: /home/yolov5/AUE8088-PA2/wandb/run-20240613_123340-sk7j4dlh/files/output.log
2024-06-13 12:33:50,023 INFO    Thread-12 :660938 [dir_watcher.py:_on_file_modified():288] file/dir modified: /home/yolov5/AUE8088-PA2/wandb/run-20240613_123340-sk7j4dlh/files/output.log
2024-06-13 12:33:50,549 DEBUG   HandlerThread:660938 [handler.py:handle_request():158] handle_request: status_report
2024-06-13 12:33:52,024 INFO    Thread-12 :660938 [dir_watcher.py:_on_file_modified():288] file/dir modified: /home/yolov5/AUE8088-PA2/wandb/run-20240613_123340-sk7j4dlh/files/output.log
2024-06-13 12:33:54,025 INFO    Thread-12 :660938 [dir_watcher.py:_on_file_modified():288] file/dir modified: /home/yolov5/AUE8088-PA2/wandb/run-20240613_123340-sk7j4dlh/files/output.log
2024-06-13 12:33:55,577 DEBUG   HandlerThread:660938 [handler.py:handle_request():158] handle_request: status_report
2024-06-13 12:33:56,025 INFO    Thread-12 :660938 [dir_watcher.py:_on_file_modified():288] file/dir modified: /home/yolov5/AUE8088-PA2/wandb/run-20240613_123340-sk7j4dlh/files/output.log
2024-06-13 12:33:56,234 DEBUG   HandlerThread:660938 [handler.py:handle_request():158] handle_request: stop_status
2024-06-13 12:33:56,234 DEBUG   SenderThread:660938 [sender.py:send_request():405] send_request: stop_status
2024-06-13 12:33:58,026 INFO    Thread-12 :660938 [dir_watcher.py:_on_file_modified():288] file/dir modified: /home/yolov5/AUE8088-PA2/wandb/run-20240613_123340-sk7j4dlh/files/output.log
2024-06-13 12:34:00,027 INFO    Thread-12 :660938 [dir_watcher.py:_on_file_modified():288] file/dir modified: /home/yolov5/AUE8088-PA2/wandb/run-20240613_123340-sk7j4dlh/files/output.log
2024-06-13 12:34:00,647 DEBUG   HandlerThread:660938 [handler.py:handle_request():158] handle_request: status_report
2024-06-13 12:34:02,027 INFO    Thread-12 :660938 [dir_watcher.py:_on_file_modified():288] file/dir modified: /home/yolov5/AUE8088-PA2/wandb/run-20240613_123340-sk7j4dlh/files/output.log
2024-06-13 12:34:04,028 INFO    Thread-12 :660938 [dir_watcher.py:_on_file_modified():288] file/dir modified: /home/yolov5/AUE8088-PA2/wandb/run-20240613_123340-sk7j4dlh/files/output.log
2024-06-13 12:34:05,717 DEBUG   HandlerThread:660938 [handler.py:handle_request():158] handle_request: status_report
2024-06-13 12:34:06,029 INFO    Thread-12 :660938 [dir_watcher.py:_on_file_modified():288] file/dir modified: /home/yolov5/AUE8088-PA2/wandb/run-20240613_123340-sk7j4dlh/files/output.log
2024-06-13 12:34:08,029 INFO    Thread-12 :660938 [dir_watcher.py:_on_file_modified():288] file/dir modified: /home/yolov5/AUE8088-PA2/wandb/run-20240613_123340-sk7j4dlh/files/output.log
2024-06-13 12:34:10,030 INFO    Thread-12 :660938 [dir_watcher.py:_on_file_modified():288] file/dir modified: /home/yolov5/AUE8088-PA2/wandb/run-20240613_123340-sk7j4dlh/files/output.log
2024-06-13 12:34:10,772 DEBUG   HandlerThread:660938 [handler.py:handle_request():158] handle_request: status_report
2024-06-13 12:34:11,030 INFO    Thread-12 :660938 [dir_watcher.py:_on_file_modified():288] file/dir modified: /home/yolov5/AUE8088-PA2/wandb/run-20240613_123340-sk7j4dlh/files/config.yaml
2024-06-13 12:34:11,234 DEBUG   HandlerThread:660938 [handler.py:handle_request():158] handle_request: stop_status
2024-06-13 12:34:11,234 DEBUG   SenderThread:660938 [sender.py:send_request():405] send_request: stop_status
2024-06-13 12:34:12,031 INFO    Thread-12 :660938 [dir_watcher.py:_on_file_modified():288] file/dir modified: /home/yolov5/AUE8088-PA2/wandb/run-20240613_123340-sk7j4dlh/files/output.log
2024-06-13 12:34:14,031 INFO    Thread-12 :660938 [dir_watcher.py:_on_file_modified():288] file/dir modified: /home/yolov5/AUE8088-PA2/wandb/run-20240613_123340-sk7j4dlh/files/output.log
2024-06-13 12:34:16,032 INFO    Thread-12 :660938 [dir_watcher.py:_on_file_modified():288] file/dir modified: /home/yolov5/AUE8088-PA2/wandb/run-20240613_123340-sk7j4dlh/files/output.log
2024-06-13 12:34:16,065 DEBUG   HandlerThread:660938 [handler.py:handle_request():158] handle_request: status_report
2024-06-13 12:34:18,033 INFO    Thread-12 :660938 [dir_watcher.py:_on_file_modified():288] file/dir modified: /home/yolov5/AUE8088-PA2/wandb/run-20240613_123340-sk7j4dlh/files/output.log
2024-06-13 12:34:20,033 INFO    Thread-12 :660938 [dir_watcher.py:_on_file_modified():288] file/dir modified: /home/yolov5/AUE8088-PA2/wandb/run-20240613_123340-sk7j4dlh/files/output.log
2024-06-13 12:34:21,107 DEBUG   HandlerThread:660938 [handler.py:handle_request():158] handle_request: status_report
2024-06-13 12:34:22,034 INFO    Thread-12 :660938 [dir_watcher.py:_on_file_modified():288] file/dir modified: /home/yolov5/AUE8088-PA2/wandb/run-20240613_123340-sk7j4dlh/files/output.log
2024-06-13 12:34:24,034 INFO    Thread-12 :660938 [dir_watcher.py:_on_file_modified():288] file/dir modified: /home/yolov5/AUE8088-PA2/wandb/run-20240613_123340-sk7j4dlh/files/output.log
2024-06-13 12:34:26,035 INFO    Thread-12 :660938 [dir_watcher.py:_on_file_modified():288] file/dir modified: /home/yolov5/AUE8088-PA2/wandb/run-20240613_123340-sk7j4dlh/files/output.log
2024-06-13 12:34:26,234 DEBUG   HandlerThread:660938 [handler.py:handle_request():158] handle_request: stop_status
2024-06-13 12:34:26,235 DEBUG   SenderThread:660938 [sender.py:send_request():405] send_request: stop_status
2024-06-13 12:34:26,508 DEBUG   HandlerThread:660938 [handler.py:handle_request():158] handle_request: status_report
2024-06-13 12:34:28,035 INFO    Thread-12 :660938 [dir_watcher.py:_on_file_modified():288] file/dir modified: /home/yolov5/AUE8088-PA2/wandb/run-20240613_123340-sk7j4dlh/files/output.log
2024-06-13 12:34:28,407 DEBUG   SenderThread:660938 [sender.py:send():378] send: exit
2024-06-13 12:34:28,407 INFO    SenderThread:660938 [sender.py:send_exit():585] handling exit code: 255
2024-06-13 12:34:28,407 INFO    SenderThread:660938 [sender.py:send_exit():587] handling runtime: 47
2024-06-13 12:34:28,407 INFO    SenderThread:660938 [sender.py:_save_file():1389] saving file wandb-summary.json with policy end
2024-06-13 12:34:28,407 INFO    SenderThread:660938 [sender.py:send_exit():593] send defer
2024-06-13 12:34:28,407 DEBUG   HandlerThread:660938 [handler.py:handle_request():158] handle_request: defer
2024-06-13 12:34:28,407 INFO    HandlerThread:660938 [handler.py:handle_request_defer():184] handle defer: 0
2024-06-13 12:34:28,408 DEBUG   SenderThread:660938 [sender.py:send_request():405] send_request: defer
2024-06-13 12:34:28,408 INFO    SenderThread:660938 [sender.py:send_request_defer():609] handle sender defer: 0
2024-06-13 12:34:28,408 INFO    SenderThread:660938 [sender.py:transition_state():613] send defer: 1
2024-06-13 12:34:28,408 DEBUG   HandlerThread:660938 [handler.py:handle_request():158] handle_request: defer
2024-06-13 12:34:28,408 INFO    HandlerThread:660938 [handler.py:handle_request_defer():184] handle defer: 1
2024-06-13 12:34:28,408 DEBUG   SenderThread:660938 [sender.py:send_request():405] send_request: defer
2024-06-13 12:34:28,408 INFO    SenderThread:660938 [sender.py:send_request_defer():609] handle sender defer: 1
2024-06-13 12:34:28,408 INFO    SenderThread:660938 [sender.py:transition_state():613] send defer: 2
2024-06-13 12:34:28,408 DEBUG   HandlerThread:660938 [handler.py:handle_request():158] handle_request: defer
2024-06-13 12:34:28,408 INFO    HandlerThread:660938 [handler.py:handle_request_defer():184] handle defer: 2
2024-06-13 12:34:28,408 INFO    HandlerThread:660938 [system_monitor.py:finish():203] Stopping system monitor
2024-06-13 12:34:28,409 DEBUG   SystemMonitor:660938 [system_monitor.py:_start():172] Starting system metrics aggregation loop
2024-06-13 12:34:28,416 DEBUG   SystemMonitor:660938 [system_monitor.py:_start():179] Finished system metrics aggregation loop
2024-06-13 12:34:28,416 DEBUG   SystemMonitor:660938 [system_monitor.py:_start():183] Publishing last batch of metrics
2024-06-13 12:34:28,416 INFO    HandlerThread:660938 [interfaces.py:finish():200] Joined cpu monitor
2024-06-13 12:34:28,417 INFO    HandlerThread:660938 [interfaces.py:finish():200] Joined disk monitor
2024-06-13 12:34:28,427 INFO    HandlerThread:660938 [interfaces.py:finish():200] Joined gpu monitor
2024-06-13 12:34:28,427 INFO    HandlerThread:660938 [interfaces.py:finish():200] Joined memory monitor
2024-06-13 12:34:28,428 INFO    HandlerThread:660938 [interfaces.py:finish():200] Joined network monitor
2024-06-13 12:34:28,428 DEBUG   SenderThread:660938 [sender.py:send_request():405] send_request: defer
2024-06-13 12:34:28,428 INFO    SenderThread:660938 [sender.py:send_request_defer():609] handle sender defer: 2
2024-06-13 12:34:28,428 INFO    SenderThread:660938 [sender.py:transition_state():613] send defer: 3
2024-06-13 12:34:28,428 DEBUG   SenderThread:660938 [sender.py:send():378] send: stats
2024-06-13 12:34:28,429 DEBUG   HandlerThread:660938 [handler.py:handle_request():158] handle_request: defer
2024-06-13 12:34:28,429 INFO    HandlerThread:660938 [handler.py:handle_request_defer():184] handle defer: 3
2024-06-13 12:34:28,429 DEBUG   SenderThread:660938 [sender.py:send_request():405] send_request: defer
2024-06-13 12:34:28,429 INFO    SenderThread:660938 [sender.py:send_request_defer():609] handle sender defer: 3
2024-06-13 12:34:28,429 INFO    SenderThread:660938 [sender.py:transition_state():613] send defer: 4
2024-06-13 12:34:28,429 DEBUG   HandlerThread:660938 [handler.py:handle_request():158] handle_request: defer
2024-06-13 12:34:28,429 INFO    HandlerThread:660938 [handler.py:handle_request_defer():184] handle defer: 4
2024-06-13 12:34:28,429 DEBUG   SenderThread:660938 [sender.py:send_request():405] send_request: defer
2024-06-13 12:34:28,429 INFO    SenderThread:660938 [sender.py:send_request_defer():609] handle sender defer: 4
2024-06-13 12:34:28,429 INFO    SenderThread:660938 [sender.py:transition_state():613] send defer: 5
2024-06-13 12:34:28,429 DEBUG   HandlerThread:660938 [handler.py:handle_request():158] handle_request: defer
2024-06-13 12:34:28,429 INFO    HandlerThread:660938 [handler.py:handle_request_defer():184] handle defer: 5
2024-06-13 12:34:28,430 DEBUG   SenderThread:660938 [sender.py:send():378] send: summary
2024-06-13 12:34:28,430 INFO    SenderThread:660938 [sender.py:_save_file():1389] saving file wandb-summary.json with policy end
2024-06-13 12:34:28,430 DEBUG   SenderThread:660938 [sender.py:send_request():405] send_request: defer
2024-06-13 12:34:28,430 INFO    SenderThread:660938 [sender.py:send_request_defer():609] handle sender defer: 5
2024-06-13 12:34:28,430 INFO    SenderThread:660938 [sender.py:transition_state():613] send defer: 6
2024-06-13 12:34:28,430 DEBUG   HandlerThread:660938 [handler.py:handle_request():158] handle_request: defer
2024-06-13 12:34:28,430 INFO    HandlerThread:660938 [handler.py:handle_request_defer():184] handle defer: 6
2024-06-13 12:34:28,430 DEBUG   SenderThread:660938 [sender.py:send_request():405] send_request: defer
2024-06-13 12:34:28,430 INFO    SenderThread:660938 [sender.py:send_request_defer():609] handle sender defer: 6
2024-06-13 12:34:28,431 INFO    SenderThread:660938 [sender.py:transition_state():613] send defer: 7
2024-06-13 12:34:28,431 DEBUG   HandlerThread:660938 [handler.py:handle_request():158] handle_request: status_report
2024-06-13 12:34:28,431 DEBUG   HandlerThread:660938 [handler.py:handle_request():158] handle_request: defer
2024-06-13 12:34:28,431 INFO    HandlerThread:660938 [handler.py:handle_request_defer():184] handle defer: 7
2024-06-13 12:34:28,431 DEBUG   SenderThread:660938 [sender.py:send_request():405] send_request: defer
2024-06-13 12:34:28,431 INFO    SenderThread:660938 [sender.py:send_request_defer():609] handle sender defer: 7
2024-06-13 12:34:29,036 INFO    Thread-12 :660938 [dir_watcher.py:_on_file_created():271] file/dir created: /home/yolov5/AUE8088-PA2/wandb/run-20240613_123340-sk7j4dlh/files/wandb-summary.json
2024-06-13 12:34:29,401 DEBUG   HandlerThread:660938 [handler.py:handle_request():158] handle_request: poll_exit
2024-06-13 12:34:29,580 INFO    SenderThread:660938 [sender.py:transition_state():613] send defer: 8
2024-06-13 12:34:29,580 DEBUG   SenderThread:660938 [sender.py:send_request():405] send_request: poll_exit
2024-06-13 12:34:29,581 DEBUG   HandlerThread:660938 [handler.py:handle_request():158] handle_request: defer
2024-06-13 12:34:29,581 INFO    HandlerThread:660938 [handler.py:handle_request_defer():184] handle defer: 8
2024-06-13 12:34:29,582 DEBUG   SenderThread:660938 [sender.py:send_request():405] send_request: defer
2024-06-13 12:34:29,582 INFO    SenderThread:660938 [sender.py:send_request_defer():609] handle sender defer: 8
2024-06-13 12:34:29,583 INFO    SenderThread:660938 [job_builder.py:build():432] Attempting to build job artifact
2024-06-13 12:34:29,584 INFO    SenderThread:660938 [job_builder.py:_get_source_type():565] is repo sourced job
2024-06-13 12:34:29,601 INFO    SenderThread:660938 [job_builder.py:build():541] adding wandb-job metadata file
2024-06-13 12:34:29,613 INFO    SenderThread:660938 [sender.py:transition_state():613] send defer: 9
2024-06-13 12:34:29,614 DEBUG   HandlerThread:660938 [handler.py:handle_request():158] handle_request: defer
2024-06-13 12:34:29,614 INFO    HandlerThread:660938 [handler.py:handle_request_defer():184] handle defer: 9
2024-06-13 12:34:29,614 DEBUG   SenderThread:660938 [sender.py:send():378] send: artifact
2024-06-13 12:34:30,036 INFO    Thread-12 :660938 [dir_watcher.py:_on_file_modified():288] file/dir modified: /home/yolov5/AUE8088-PA2/wandb/run-20240613_123340-sk7j4dlh/files/output.log
2024-06-13 12:34:30,403 DEBUG   HandlerThread:660938 [handler.py:handle_request():158] handle_request: poll_exit
2024-06-13 12:34:31,491 INFO    wandb-upload_0:660938 [upload_job.py:push():88] Uploaded file /tmp/tmpjump62ct/wandb-job.json
2024-06-13 12:34:31,516 INFO    wandb-upload_1:660938 [upload_job.py:push():88] Uploaded file /root/.local/share/wandb/artifacts/staging/tmpwd1f9rk9
2024-06-13 12:34:32,939 INFO    SenderThread:660938 [sender.py:send_artifact():1467] sent artifact job-https___github.com_IRCVLab_AUE8088-PA2.git_train_simple.py - {'id': 'QXJ0aWZhY3Q6ODczMDMyNTQx', 'state': 'PENDING', 'artifactSequence': {'id': 'QXJ0aWZhY3RDb2xsZWN0aW9uOjE4NzY3ODQ2Mw==', 'latestArtifact': {'id': 'QXJ0aWZhY3Q6ODcxOTU1NTYw', 'versionIndex': 2}}}
2024-06-13 12:34:32,940 DEBUG   SenderThread:660938 [sender.py:send_request():405] send_request: defer
2024-06-13 12:34:32,940 INFO    SenderThread:660938 [sender.py:send_request_defer():609] handle sender defer: 9
2024-06-13 12:34:32,940 INFO    SenderThread:660938 [dir_watcher.py:finish():358] shutting down directory watcher
2024-06-13 12:34:33,038 INFO    SenderThread:660938 [dir_watcher.py:finish():388] scan: /home/yolov5/AUE8088-PA2/wandb/run-20240613_123340-sk7j4dlh/files
2024-06-13 12:34:33,039 INFO    SenderThread:660938 [dir_watcher.py:finish():402] scan save: /home/yolov5/AUE8088-PA2/wandb/run-20240613_123340-sk7j4dlh/files/wandb-metadata.json wandb-metadata.json
2024-06-13 12:34:33,039 INFO    SenderThread:660938 [dir_watcher.py:finish():402] scan save: /home/yolov5/AUE8088-PA2/wandb/run-20240613_123340-sk7j4dlh/files/config.yaml config.yaml
2024-06-13 12:34:33,039 INFO    SenderThread:660938 [dir_watcher.py:finish():402] scan save: /home/yolov5/AUE8088-PA2/wandb/run-20240613_123340-sk7j4dlh/files/requirements.txt requirements.txt
2024-06-13 12:34:33,040 INFO    SenderThread:660938 [dir_watcher.py:finish():402] scan save: /home/yolov5/AUE8088-PA2/wandb/run-20240613_123340-sk7j4dlh/files/output.log output.log
2024-06-13 12:34:33,040 INFO    SenderThread:660938 [dir_watcher.py:finish():402] scan save: /home/yolov5/AUE8088-PA2/wandb/run-20240613_123340-sk7j4dlh/files/wandb-summary.json wandb-summary.json
2024-06-13 12:34:33,040 INFO    SenderThread:660938 [sender.py:transition_state():613] send defer: 10
2024-06-13 12:34:33,040 DEBUG   SenderThread:660938 [sender.py:send_request():405] send_request: poll_exit
2024-06-13 12:34:33,054 DEBUG   HandlerThread:660938 [handler.py:handle_request():158] handle_request: defer
2024-06-13 12:34:33,054 INFO    HandlerThread:660938 [handler.py:handle_request_defer():184] handle defer: 10
2024-06-13 12:34:33,059 DEBUG   SenderThread:660938 [sender.py:send_request():405] send_request: defer
2024-06-13 12:34:33,060 INFO    SenderThread:660938 [sender.py:send_request_defer():609] handle sender defer: 10
2024-06-13 12:34:33,060 INFO    SenderThread:660938 [file_pusher.py:finish():169] shutting down file pusher
2024-06-13 12:34:33,404 DEBUG   HandlerThread:660938 [handler.py:handle_request():158] handle_request: poll_exit
2024-06-13 12:34:33,405 DEBUG   SenderThread:660938 [sender.py:send_request():405] send_request: poll_exit
2024-06-13 12:34:33,494 INFO    wandb-upload_0:660938 [upload_job.py:push():130] Uploaded file /home/yolov5/AUE8088-PA2/wandb/run-20240613_123340-sk7j4dlh/files/requirements.txt
2024-06-13 12:34:33,531 INFO    wandb-upload_2:660938 [upload_job.py:push():130] Uploaded file /home/yolov5/AUE8088-PA2/wandb/run-20240613_123340-sk7j4dlh/files/config.yaml
2024-06-13 12:34:33,587 INFO    wandb-upload_3:660938 [upload_job.py:push():130] Uploaded file /home/yolov5/AUE8088-PA2/wandb/run-20240613_123340-sk7j4dlh/files/wandb-summary.json
2024-06-13 12:34:33,680 INFO    wandb-upload_1:660938 [upload_job.py:push():130] Uploaded file /home/yolov5/AUE8088-PA2/wandb/run-20240613_123340-sk7j4dlh/files/output.log
2024-06-13 12:34:33,881 INFO    Thread-11 (_thread_body):660938 [sender.py:transition_state():613] send defer: 11
2024-06-13 12:34:33,882 DEBUG   HandlerThread:660938 [handler.py:handle_request():158] handle_request: defer
2024-06-13 12:34:33,882 INFO    HandlerThread:660938 [handler.py:handle_request_defer():184] handle defer: 11
2024-06-13 12:34:33,883 DEBUG   SenderThread:660938 [sender.py:send_request():405] send_request: defer
2024-06-13 12:34:33,883 INFO    SenderThread:660938 [sender.py:send_request_defer():609] handle sender defer: 11
2024-06-13 12:34:33,883 INFO    SenderThread:660938 [file_pusher.py:join():175] waiting for file pusher
2024-06-13 12:34:33,884 INFO    SenderThread:660938 [sender.py:transition_state():613] send defer: 12
2024-06-13 12:34:33,884 DEBUG   HandlerThread:660938 [handler.py:handle_request():158] handle_request: defer
2024-06-13 12:34:33,884 INFO    HandlerThread:660938 [handler.py:handle_request_defer():184] handle defer: 12
2024-06-13 12:34:33,885 DEBUG   SenderThread:660938 [sender.py:send_request():405] send_request: defer
2024-06-13 12:34:33,885 INFO    SenderThread:660938 [sender.py:send_request_defer():609] handle sender defer: 12
2024-06-13 12:34:33,885 INFO    SenderThread:660938 [file_stream.py:finish():601] file stream finish called
2024-06-13 12:34:34,084 INFO    SenderThread:660938 [file_stream.py:finish():605] file stream finish is done
2024-06-13 12:34:34,084 INFO    SenderThread:660938 [sender.py:transition_state():613] send defer: 13
2024-06-13 12:34:34,084 DEBUG   HandlerThread:660938 [handler.py:handle_request():158] handle_request: defer
2024-06-13 12:34:34,084 INFO    HandlerThread:660938 [handler.py:handle_request_defer():184] handle defer: 13
2024-06-13 12:34:34,085 DEBUG   SenderThread:660938 [sender.py:send_request():405] send_request: defer
2024-06-13 12:34:34,085 INFO    SenderThread:660938 [sender.py:send_request_defer():609] handle sender defer: 13
2024-06-13 12:34:34,085 INFO    SenderThread:660938 [sender.py:transition_state():613] send defer: 14
2024-06-13 12:34:34,086 DEBUG   SenderThread:660938 [sender.py:send():378] send: final
2024-06-13 12:34:34,087 DEBUG   SenderThread:660938 [sender.py:send():378] send: footer
2024-06-13 12:34:34,087 DEBUG   HandlerThread:660938 [handler.py:handle_request():158] handle_request: defer
2024-06-13 12:34:34,087 INFO    HandlerThread:660938 [handler.py:handle_request_defer():184] handle defer: 14
2024-06-13 12:34:34,088 DEBUG   SenderThread:660938 [sender.py:send_request():405] send_request: defer
2024-06-13 12:34:34,088 INFO    SenderThread:660938 [sender.py:send_request_defer():609] handle sender defer: 14
2024-06-13 12:34:34,089 DEBUG   HandlerThread:660938 [handler.py:handle_request():158] handle_request: poll_exit
2024-06-13 12:34:34,091 DEBUG   HandlerThread:660938 [handler.py:handle_request():158] handle_request: poll_exit
2024-06-13 12:34:34,091 DEBUG   HandlerThread:660938 [handler.py:handle_request():158] handle_request: server_info
2024-06-13 12:34:34,093 DEBUG   SenderThread:660938 [sender.py:send_request():405] send_request: poll_exit
2024-06-13 12:34:34,093 DEBUG   HandlerThread:660938 [handler.py:handle_request():158] handle_request: get_summary
2024-06-13 12:34:34,093 DEBUG   SenderThread:660938 [sender.py:send_request():405] send_request: poll_exit
2024-06-13 12:34:34,094 DEBUG   HandlerThread:660938 [handler.py:handle_request():158] handle_request: sampled_history
2024-06-13 12:34:34,094 DEBUG   SenderThread:660938 [sender.py:send_request():405] send_request: server_info
2024-06-13 12:34:34,094 DEBUG   HandlerThread:660938 [handler.py:handle_request():158] handle_request: internal_messages
2024-06-13 12:34:34,326 INFO    MainThread:660938 [wandb_run.py:_footer_history_summary_info():3994] rendering history
2024-06-13 12:34:34,326 INFO    MainThread:660938 [wandb_run.py:_footer_history_summary_info():4026] rendering summary
2024-06-13 12:34:34,327 INFO    MainThread:660938 [wandb_run.py:_footer_sync_info():3953] logging synced files
2024-06-13 12:34:34,327 DEBUG   HandlerThread:660938 [handler.py:handle_request():158] handle_request: shutdown
2024-06-13 12:34:34,327 INFO    HandlerThread:660938 [handler.py:finish():882] shutting down handler
2024-06-13 12:34:35,093 INFO    WriterThread:660938 [datastore.py:close():296] close: /home/yolov5/AUE8088-PA2/wandb/run-20240613_123340-sk7j4dlh/run-sk7j4dlh.wandb
2024-06-13 12:34:35,326 INFO    SenderThread:660938 [sender.py:finish():1545] shutting down sender
2024-06-13 12:34:35,326 INFO    SenderThread:660938 [file_pusher.py:finish():169] shutting down file pusher
2024-06-13 12:34:35,326 INFO    SenderThread:660938 [file_pusher.py:join():175] waiting for file pusher
