2024-06-13 09:01:41,137 INFO    MainThread:518205 [wandb_setup.py:_flush():76] Current SDK version is 0.17.0
2024-06-13 09:01:41,137 INFO    MainThread:518205 [wandb_setup.py:_flush():76] Configure stats pid to 518205
2024-06-13 09:01:41,137 INFO    MainThread:518205 [wandb_setup.py:_flush():76] Loading settings from /root/.config/wandb/settings
2024-06-13 09:01:41,137 INFO    MainThread:518205 [wandb_setup.py:_flush():76] Loading settings from /home/yolov5/AUE8088-PA2/wandb/settings
2024-06-13 09:01:41,137 INFO    MainThread:518205 [wandb_setup.py:_flush():76] Loading settings from environment variables: {}
2024-06-13 09:01:41,137 INFO    MainThread:518205 [wandb_setup.py:_flush():76] Inferring run settings from compute environment: {'program_relpath': 'train_simple.py', 'program_abspath': '/home/yolov5/AUE8088-PA2/train_simple.py', 'program': '/home/yolov5/AUE8088-PA2/train_simple.py'}
2024-06-13 09:01:41,137 INFO    MainThread:518205 [wandb_setup.py:_flush():76] Applying login settings: {'login_timeout': 30}
2024-06-13 09:01:41,137 INFO    MainThread:518205 [wandb_setup.py:_flush():76] Applying login settings: {}
2024-06-13 09:01:41,137 INFO    MainThread:518205 [wandb_init.py:_log_setup():520] Logging user logs to /home/yolov5/AUE8088-PA2/wandb/run-20240613_090141-vp8pqpsi/logs/debug.log
2024-06-13 09:01:41,137 INFO    MainThread:518205 [wandb_init.py:_log_setup():521] Logging internal logs to /home/yolov5/AUE8088-PA2/wandb/run-20240613_090141-vp8pqpsi/logs/debug-internal.log
2024-06-13 09:01:41,137 INFO    MainThread:518205 [wandb_init.py:init():560] calling init triggers
2024-06-13 09:01:41,138 INFO    MainThread:518205 [wandb_init.py:init():567] wandb.init called with sweep_config: {}
config: {'weights': 'yolov5n.pt', 'cfg': 'models/yolov5n_nuscenes.yaml', 'data': 'data/nuscenes.yaml', 'hyp': {'lr0': 0.01, 'lrf': 0.1, 'momentum': 0.937, 'weight_decay': 0.0005, 'warmup_epochs': 3.0, 'warmup_momentum': 0.8, 'warmup_bias_lr': 0.1, 'box': 0.05, 'cls': 0.3, 'cls_pw': 1.0, 'obj': 0.7, 'obj_pw': 1.0, 'iou_t': 0.2, 'anchor_t': 4.0, 'fl_gamma': 0.0, 'hsv_h': 0.015, 'hsv_s': 0.7, 'hsv_v': 0.4, 'degrees': 0.0, 'translate': 0.1, 'scale': 0.9, 'shear': 0.0, 'perspective': 0.0, 'flipud': 0.0, 'fliplr': 0.5, 'mosaic': 1.0, 'mixup': 0.1, 'copy_paste': 0.1}, 'epochs': 200, 'batch_size': 64, 'imgsz': 416, 'rect': False, 'resume': False, 'nosave': False, 'noval': False, 'noautoanchor': False, 'noplots': False, 'evolve': None, 'evolve_population': PosixPath('data/hyps'), 'resume_evolve': None, 'bucket': '', 'cache': None, 'device': '', 'multi_scale': False, 'single_cls': False, 'optimizer': 'SGD', 'sync_bn': False, 'workers': 16, 'project': 'runs/train', 'name': 'yolov5n', 'exist_ok': False, 'quad': False, 'cos_lr': False, 'label_smoothing': 0.0, 'patience': 100, 'save_period': -1, 'seed': 0, 'local_rank': -1, 'entity': None, 'upload_dataset': False, 'bbox_interval': -1, 'artifact_alias': 'latest', 'save_dir': 'runs/train/yolov5n6'}
2024-06-13 09:01:41,138 INFO    MainThread:518205 [wandb_init.py:init():610] starting backend
2024-06-13 09:01:41,138 INFO    MainThread:518205 [wandb_init.py:init():614] setting up manager
2024-06-13 09:01:41,138 INFO    MainThread:518205 [backend.py:_multiprocessing_setup():105] multiprocessing start_methods=fork,spawn,forkserver, using: spawn
2024-06-13 09:01:41,139 INFO    MainThread:518205 [wandb_init.py:init():622] backend started and connected
2024-06-13 09:01:41,140 INFO    MainThread:518205 [wandb_init.py:init():711] updated telemetry
2024-06-13 09:01:41,143 INFO    MainThread:518205 [wandb_init.py:init():744] communicating run to backend with 90.0 second timeout
2024-06-13 09:01:42,004 INFO    MainThread:518205 [wandb_run.py:_on_init():2396] communicating current version
2024-06-13 09:01:42,057 INFO    MainThread:518205 [wandb_run.py:_on_init():2405] got version response upgrade_message: "wandb version 0.17.1 is available!  To upgrade, please run:\n $ pip install wandb --upgrade"

2024-06-13 09:01:42,057 INFO    MainThread:518205 [wandb_init.py:init():795] starting run threads in backend
2024-06-13 09:01:42,200 INFO    MainThread:518205 [wandb_run.py:_console_start():2374] atexit reg
2024-06-13 09:01:42,201 INFO    MainThread:518205 [wandb_run.py:_redirect():2229] redirect: wrap_raw
2024-06-13 09:01:42,201 INFO    MainThread:518205 [wandb_run.py:_redirect():2294] Wrapping output streams.
2024-06-13 09:01:42,201 INFO    MainThread:518205 [wandb_run.py:_redirect():2319] Redirects installed.
2024-06-13 09:01:42,201 INFO    MainThread:518205 [wandb_init.py:init():838] run started, returning control to user process
2024-06-13 11:38:53,238 INFO    MainThread:518205 [wandb_run.py:_finish():2103] finishing run woondb/YOLOv5/vp8pqpsi
2024-06-13 11:38:53,238 INFO    MainThread:518205 [wandb_run.py:_atexit_cleanup():2343] got exitcode: 0
2024-06-13 11:38:53,238 INFO    MainThread:518205 [wandb_run.py:_restore():2326] restore
2024-06-13 11:38:53,238 INFO    MainThread:518205 [wandb_run.py:_restore():2332] restore done
2024-06-13 11:39:04,220 INFO    MainThread:518205 [wandb_run.py:_footer_history_summary_info():3994] rendering history
2024-06-13 11:39:04,222 INFO    MainThread:518205 [wandb_run.py:_footer_history_summary_info():4026] rendering summary
2024-06-13 11:39:04,228 INFO    MainThread:518205 [wandb_run.py:_footer_sync_info():3953] logging synced files
